[26-May-2025 10:52:20 America/New_York] === INICIO GUARDAR_PEDIDO === 2025-05-26 10:52:20
[26-May-2025 10:52:20 America/New_York] Input recibido: {"carrito":[{"id":1,"nombre":"Botas de Caucho Impermeables Dakar","precio":70000,"cantidad":1},{"id":0,"customId":"custom_1748271139246","nombre":"bota2","precio":1000,"cantidad":1,"personalizado":true}],"monto":71000}
[26-May-2025 10:52:20 America/New_York] Carrito recibido: Array
(
    [0] => Array
        (
            [id] => 1
            [nombre] => Botas de Caucho Impermeables Dakar
            [precio] => 70000
            [cantidad] => 1
        )

    [1] => Array
        (
            [id] => 0
            [customId] => custom_1748271139246
            [nombre] => bota2
            [precio] => 1000
            [cantidad] => 1
            [personalizado] => 1
        )

)

[26-May-2025 10:52:20 America/New_York] Monto recibido: 71000
[26-May-2025 10:52:20 America/New_York] PHP Fatal error:  Uncaught Error: Call to undefined method mysqli_stmt::get_result() in /home/motodota/sequoiaspeed.com.co/pedidos/guardar_pedido.php:91
Stack trace:
#0 {main}
  thrown in /home/motodota/sequoiaspeed.com.co/pedidos/guardar_pedido.php on line 91
[26-May-2025 11:04:05 America/New_York] === INICIO GUARDAR_PEDIDO === 2025-05-26 11:04:05
[26-May-2025 11:04:05 America/New_York] Input recibido: {"carrito":[{"id":1,"nombre":"Botas de Caucho Impermeables Dakar","precio":70000,"cantidad":1},{"id":0,"customId":"custom_1748271840359","nombre":"bot","precio":100,"cantidad":1,"personalizado":true}],"monto":70100}
[26-May-2025 11:04:05 America/New_York] Carrito recibido: Array
(
    [0] => Array
        (
            [id] => 1
            [nombre] => Botas de Caucho Impermeables Dakar
            [precio] => 70000
            [cantidad] => 1
        )

    [1] => Array
        (
            [id] => 0
            [customId] => custom_1748271840359
            [nombre] => bot
            [precio] => 100
            [cantidad] => 1
            [personalizado] => 1
        )

)

[26-May-2025 11:04:05 America/New_York] Monto recibido: 70100
[26-May-2025 11:38:47 America/New_York] === INICIO GUARDAR_PEDIDO === 2025-05-26 11:38:47
[26-May-2025 11:38:47 America/New_York] Input recibido: {"carrito":[{"id":1,"nombre":"Botas de Caucho Impermeables Dakar","precio":70000,"cantidad":1,"talla":"M"},{"id":0,"customId":"custom_1748273924577","nombre":"Bota Prueba","precio":1000,"cantidad":10,"talla":"M","personalizado":true}],"monto":80000}
[26-May-2025 11:38:47 America/New_York] Carrito recibido: Array
(
    [0] => Array
        (
            [id] => 1
            [nombre] => Botas de Caucho Impermeables Dakar
            [precio] => 70000
            [cantidad] => 1
            [talla] => M
        )

    [1] => Array
        (
            [id] => 0
            [customId] => custom_1748273924577
            [nombre] => Bota Prueba
            [precio] => 1000
            [cantidad] => 10
            [talla] => M
            [personalizado] => 1
        )

)

[26-May-2025 11:38:47 America/New_York] Monto recibido: 80000
[26-May-2025 11:38:47 America/New_York] Error al ejecutar la inserción del nuevo producto personalizado: Duplicate entry '0' for key 'PRIMARY'
[26-May-2025 11:39:14 America/New_York] === INICIO GUARDAR_PEDIDO === 2025-05-26 11:39:14
[26-May-2025 11:39:14 America/New_York] Input recibido: {"carrito":[{"id":1,"nombre":"Botas de Caucho Impermeables Dakar","precio":70000,"cantidad":1,"talla":"M"},{"id":0,"customId":"custom_1748273924577","nombre":"Bota Prueba","precio":1000,"cantidad":10,"talla":"M","personalizado":true}],"monto":80000}
[26-May-2025 11:39:14 America/New_York] Carrito recibido: Array
(
    [0] => Array
        (
            [id] => 1
            [nombre] => Botas de Caucho Impermeables Dakar
            [precio] => 70000
            [cantidad] => 1
            [talla] => M
        )

    [1] => Array
        (
            [id] => 0
            [customId] => custom_1748273924577
            [nombre] => Bota Prueba
            [precio] => 1000
            [cantidad] => 10
            [talla] => M
            [personalizado] => 1
        )

)

[26-May-2025 11:39:14 America/New_York] Monto recibido: 80000
[26-May-2025 11:39:14 America/New_York] Error al ejecutar la inserción del nuevo producto personalizado: Duplicate entry '0' for key 'PRIMARY'
[26-May-2025 11:43:12 America/New_York] === INICIO GUARDAR_PEDIDO === 2025-05-26 11:43:12
[26-May-2025 11:43:12 America/New_York] Todas las tablas necesarias existen
[26-May-2025 11:43:12 America/New_York] Input recibido: {"carrito":[{"id":1,"nombre":"Botas de Caucho Impermeables Dakar","precio":70000,"cantidad":1,"talla":"M"},{"id":0,"customId":"custom_1748273924577","nombre":"Bota Prueba","precio":1000,"cantidad":10,"talla":"M","personalizado":true}],"monto":80000}
[26-May-2025 11:43:12 America/New_York] Carrito recibido: Array
(
    [0] => Array
        (
            [id] => 1
            [nombre] => Botas de Caucho Impermeables Dakar
            [precio] => 70000
            [cantidad] => 1
            [talla] => M
        )

    [1] => Array
        (
            [id] => 0
            [customId] => custom_1748273924577
            [nombre] => Bota Prueba
            [precio] => 1000
            [cantidad] => 10
            [talla] => M
            [personalizado] => 1
        )

)

[26-May-2025 11:43:12 America/New_York] Monto recibido: 80000
[26-May-2025 11:43:12 America/New_York] Insertando detalle - pedido_id: 62, producto_id: 1, nombre: Botas de Caucho Impermeables Dakar, precio: 70000, cantidad: 1, talla: M
[26-May-2025 11:43:12 America/New_York] Error al ejecutar la inserción del nuevo producto personalizado:
[26-May-2025 11:43:12 America/New_York] - Nombre: Bota Prueba
[26-May-2025 11:43:12 America/New_York] - Precio: 1000
[26-May-2025 11:43:12 America/New_York] - Error MySQL: Duplicate entry '0' for key 'PRIMARY'
[26-May-2025 11:43:12 America/New_York] - Error conexión: Duplicate entry '0' for key 'PRIMARY'
[26-May-2025 11:43:31 America/New_York] === INICIO GUARDAR_PEDIDO === 2025-05-26 11:43:31
[26-May-2025 11:43:31 America/New_York] Todas las tablas necesarias existen
[26-May-2025 11:43:31 America/New_York] Input recibido: {"carrito":[{"id":1,"nombre":"Botas de Caucho Impermeables Dakar","precio":70000,"cantidad":1,"talla":"M"},{"id":0,"customId":"custom_1748274209713","nombre":"Prueba","precio":100,"cantidad":1,"talla":"M","personalizado":true}],"monto":70100}
[26-May-2025 11:43:31 America/New_York] Carrito recibido: Array
(
    [0] => Array
        (
            [id] => 1
            [nombre] => Botas de Caucho Impermeables Dakar
            [precio] => 70000
            [cantidad] => 1
            [talla] => M
        )

    [1] => Array
        (
            [id] => 0
            [customId] => custom_1748274209713
            [nombre] => Prueba
            [precio] => 100
            [cantidad] => 1
            [talla] => M
            [personalizado] => 1
        )

)

[26-May-2025 11:43:31 America/New_York] Monto recibido: 70100
[26-May-2025 11:43:31 America/New_York] Insertando detalle - pedido_id: 63, producto_id: 1, nombre: Botas de Caucho Impermeables Dakar, precio: 70000, cantidad: 1, talla: M
[26-May-2025 11:43:31 America/New_York] Error al ejecutar la inserción del nuevo producto personalizado:
[26-May-2025 11:43:31 America/New_York] - Nombre: Prueba
[26-May-2025 11:43:31 America/New_York] - Precio: 100
[26-May-2025 11:43:31 America/New_York] - Error MySQL: Duplicate entry '0' for key 'PRIMARY'
[26-May-2025 11:43:31 America/New_York] - Error conexión: Duplicate entry '0' for key 'PRIMARY'
[26-May-2025 11:52:27 America/New_York] === INICIO GUARDAR_PEDIDO === 2025-05-26 11:52:27
[26-May-2025 11:52:27 America/New_York] Todas las tablas necesarias existen
[26-May-2025 11:52:27 America/New_York] Input recibido: {"carrito":[{"id":1,"nombre":"Botas de Caucho Impermeables Dakar","precio":70000,"cantidad":1,"talla":"M"},{"id":0,"customId":"custom_1748274209713","nombre":"Prueba","precio":100,"cantidad":1,"talla":"M","personalizado":true}],"monto":70100}
[26-May-2025 11:52:27 America/New_York] Carrito recibido: Array
(
    [0] => Array
        (
            [id] => 1
            [nombre] => Botas de Caucho Impermeables Dakar
            [precio] => 70000
            [cantidad] => 1
            [talla] => M
        )

    [1] => Array
        (
            [id] => 0
            [customId] => custom_1748274209713
            [nombre] => Prueba
            [precio] => 100
            [cantidad] => 1
            [talla] => M
            [personalizado] => 1
        )

)

[26-May-2025 11:52:27 America/New_York] Monto recibido: 70100
[26-May-2025 11:52:27 America/New_York] Insertando detalle - pedido_id: 64, producto_id: 1, nombre: Botas de Caucho Impermeables Dakar, precio: 70000, cantidad: 1, talla: M
[26-May-2025 11:52:27 America/New_York] Producto personalizado insertado exitosamente con ID: 47
[26-May-2025 11:52:27 America/New_York] Insertando detalle - pedido_id: 64, producto_id: 47, nombre: Prueba, precio: 100, cantidad: 1, talla: M
[26-May-2025 11:53:04 America/New_York] === INICIO GUARDAR_PEDIDO === 2025-05-26 11:53:04
[26-May-2025 11:53:04 America/New_York] Todas las tablas necesarias existen
[26-May-2025 11:53:04 America/New_York] Input recibido: {"carrito":[{"id":4,"nombre":"Chaqueta AVS","precio":450000,"cantidad":1,"talla":"M"},{"id":0,"customId":"custom_1748274783122","nombre":"xxx","precio":100,"cantidad":1,"talla":"M","personalizado":true}],"monto":450100}
[26-May-2025 11:53:04 America/New_York] Carrito recibido: Array
(
    [0] => Array
        (
            [id] => 4
            [nombre] => Chaqueta AVS
            [precio] => 450000
            [cantidad] => 1
            [talla] => M
        )

    [1] => Array
        (
            [id] => 0
            [customId] => custom_1748274783122
            [nombre] => xxx
            [precio] => 100
            [cantidad] => 1
            [talla] => M
            [personalizado] => 1
        )

)

[26-May-2025 11:53:04 America/New_York] Monto recibido: 450100
[26-May-2025 11:53:04 America/New_York] Insertando detalle - pedido_id: 65, producto_id: 4, nombre: Chaqueta AVS, precio: 450000, cantidad: 1, talla: M
[26-May-2025 11:53:04 America/New_York] Producto personalizado insertado exitosamente con ID: 48
[26-May-2025 11:53:04 America/New_York] Insertando detalle - pedido_id: 65, producto_id: 48, nombre: xxx, precio: 100, cantidad: 1, talla: M
[26-May-2025 12:23:22 America/New_York] === INICIO GUARDAR_PEDIDO === 2025-05-26 12:23:22
[26-May-2025 12:23:22 America/New_York] Todas las tablas necesarias existen
[26-May-2025 12:23:22 America/New_York] Input recibido: {"carrito":[{"id":32,"nombre":"Pantalón BLACK PRO","precio":390000,"cantidad":1,"talla":"M"}],"monto":390000}
[26-May-2025 12:23:22 America/New_York] Carrito recibido: Array
(
    [0] => Array
        (
            [id] => 32
            [nombre] => Pantalón BLACK PRO
            [precio] => 390000
            [cantidad] => 1
            [talla] => M
        )

)

[26-May-2025 12:23:22 America/New_York] Monto recibido: 390000
[26-May-2025 12:23:22 America/New_York] Insertando detalle - pedido_id: 66, producto_id: 32, nombre: Pantalón BLACK PRO, precio: 390000, cantidad: 1, talla: M
[26-May-2025 12:25:32 America/New_York] === INICIO GUARDAR_PEDIDO === 2025-05-26 12:25:32
[26-May-2025 12:25:32 America/New_York] Todas las tablas necesarias existen
[26-May-2025 12:25:32 America/New_York] Input recibido: {"carrito":[{"id":0,"customId":"custom_1748276713879","nombre":"Storm con 10cm más de largo y reflectivo adicional","precio":200000,"cantidad":1,"talla":"M","personalizado":true}],"monto":200000}
[26-May-2025 12:25:32 America/New_York] Carrito recibido: Array
(
    [0] => Array
        (
            [id] => 0
            [customId] => custom_1748276713879
            [nombre] => Storm con 10cm más de largo y reflectivo adicional
            [precio] => 200000
            [cantidad] => 1
            [talla] => M
            [personalizado] => 1
        )

)

[26-May-2025 12:25:32 America/New_York] Monto recibido: 200000
[26-May-2025 12:25:32 America/New_York] Producto personalizado insertado exitosamente con ID: 49
[26-May-2025 12:25:32 America/New_York] Insertando detalle - pedido_id: 67, producto_id: 49, nombre: Storm con 10cm más de largo y reflectivo adicional, precio: 200000, cantidad: 1, talla: M
[26-May-2025 12:27:19 America/New_York] === INICIO GUARDAR_PEDIDO === 2025-05-26 12:27:19
[26-May-2025 12:27:19 America/New_York] Todas las tablas necesarias existen
[26-May-2025 12:27:19 America/New_York] Input recibido: {"carrito":[{"id":4,"nombre":"Chaqueta AVS","precio":450000,"cantidad":1,"talla":"M"}],"monto":450000}
[26-May-2025 12:27:19 America/New_York] Carrito recibido: Array
(
    [0] => Array
        (
            [id] => 4
            [nombre] => Chaqueta AVS
            [precio] => 450000
            [cantidad] => 1
            [talla] => M
        )

)

[26-May-2025 12:27:19 America/New_York] Monto recibido: 450000
[26-May-2025 12:27:19 America/New_York] Insertando detalle - pedido_id: 68, producto_id: 4, nombre: Chaqueta AVS, precio: 450000, cantidad: 1, talla: M
[26-May-2025 12:30:51 America/New_York] === INICIO GUARDAR_PEDIDO === 2025-05-26 12:30:51
[26-May-2025 12:30:51 America/New_York] Todas las tablas necesarias existen
[26-May-2025 12:30:51 America/New_York] Input recibido: {"carrito":[{"id":25,"nombre":"Guantes Caña Larga de Cuero Predator","precio":190000,"cantidad":15,"talla":"M"},{"id":26,"nombre":"Guantes Caña Media de Cuero Intruder","precio":140000,"cantidad":14,"talla":"M"},{"id":2,"nombre":"Botas de Moto Caña Alta en Cuero Iron Rider","precio":300000,"cantidad":3,"talla":"M"},{"id":1,"nombre":"Botas de Caucho Impermeables Dakar","precio":70000,"cantidad":2,"talla":"M"},{"id":3,"nombre":"Botas Motorizado Modelo Apolo","precio":300000,"cantidad":1,"talla":"M"},{"id":48,"nombre":"xxx","precio":100,"cantidad":10,"talla":"M"},{"id":49,"nombre":"Storm con 10cm más de largo y reflectivo adicional","precio":200000,"cantidad":6,"talla":"M"},{"id":47,"nombre":"Prueba","precio":100,"cantidad":9,"talla":"M"},{"id":24,"nombre":"Guantes Caña Corta de Cuero Raptor","precio":120000,"cantidad":6,"talla":"M"},{"id":27,"nombre":"Guantes MX Negros con protecci?n de nudillos","precio":95000,"cantidad":1,"talla":"M"},{"id":28,"nombre":"Guantes para Motociclista, Moto Marca Sequoia Speed, para Hombre o Mujer 2 - Bogot?","precio":30000,"cantidad":2,"talla":"M"},{"id":29,"nombre":"Guantes XT Negros con protecci?n de nudillos","precio":95000,"cantidad":1,"talla":"M"}],"monto":8321900}
[26-May-2025 12:30:51 America/New_York] Carrito recibido: Array
(
    [0] => Array
        (
            [id] => 25
            [nombre] => Guantes Caña Larga de Cuero Predator
            [precio] => 190000
            [cantidad] => 15
            [talla] => M
        )

    [1] => Array
        (
            [id] => 26
            [nombre] => Guantes Caña Media de Cuero Intruder
            [precio] => 140000
            [cantidad] => 14
            [talla] => M
        )

    [2] => Array
        (
            [id] => 2
            [nombre] => Botas de Moto Caña Alta en Cuero Iron Rider
            [precio] => 300000
            [cantidad] => 3
            [talla] => M
        )

    [3] => Array
        (
            [id] => 1
            [nombre] => Botas de Caucho Impermeables Dakar
            [precio] => 70000
            [cantidad] => 2
            [talla] => M
        )

    [4] => Array
        (
            [id] => 3
            [nombre] => Botas Motorizado Modelo Apolo
            [precio] => 300000
            [cantidad] => 1
            [talla] => M
        )

    [5] => Array
        (
            [id] => 48
            [nombre] => xxx
            [precio] => 100
            [cantidad] => 10
            [talla] => M
        )

    [6] => Array
        (
            [id] => 49
            [nombre] => Storm con 10cm más de largo y reflectivo adicional
            [precio] => 200000
            [cantidad] => 6
            [talla] => M
        )

    [7] => Array
        (
            [id] => 47
            [nombre] => Prueba
            [precio] => 100
            [cantidad] => 9
            [talla] => M
        )

    [8] => Array
        (
            [id] => 24
            [nombre] => Guantes Caña Corta de Cuero Raptor
            [precio] => 120000
            [cantidad] => 6
            [talla] => M
        )

    [9] => Array
        (
            [id] => 27
            [nombre] => Guantes MX Negros con protecci?n de nudillos
            [precio] => 95000
            [cantidad] => 1
            [talla] => M
        )

    [10] => Array
        (
            [id] => 28
            [nombre] => Guantes para Motociclista, Moto Marca Sequoia Speed, para Hombre o Mujer 2 - Bogot?
            [precio] => 30000
            [cantidad] => 2
            [talla] => M
        )

    [11] => Array
        (
            [id] => 29
            [nombre] => Guantes XT Negros con protecci?n de nudillos
            [precio] => 95000
            [cantidad] => 1
            [talla] => M
        )

)

[26-May-2025 12:30:51 America/New_York] Monto recibido: 8321900
[26-May-2025 12:30:51 America/New_York] Insertando detalle - pedido_id: 70, producto_id: 25, nombre: Guantes Caña Larga de Cuero Predator, precio: 190000, cantidad: 15, talla: M
[26-May-2025 12:30:51 America/New_York] Insertando detalle - pedido_id: 70, producto_id: 26, nombre: Guantes Caña Media de Cuero Intruder, precio: 140000, cantidad: 14, talla: M
[26-May-2025 12:30:51 America/New_York] Insertando detalle - pedido_id: 70, producto_id: 2, nombre: Botas de Moto Caña Alta en Cuero Iron Rider, precio: 300000, cantidad: 3, talla: M
[26-May-2025 12:30:51 America/New_York] Insertando detalle - pedido_id: 70, producto_id: 1, nombre: Botas de Caucho Impermeables Dakar, precio: 70000, cantidad: 2, talla: M
[26-May-2025 12:30:51 America/New_York] Insertando detalle - pedido_id: 70, producto_id: 3, nombre: Botas Motorizado Modelo Apolo, precio: 300000, cantidad: 1, talla: M
[26-May-2025 12:30:51 America/New_York] Insertando detalle - pedido_id: 70, producto_id: 48, nombre: xxx, precio: 100, cantidad: 10, talla: M
[26-May-2025 12:30:51 America/New_York] Insertando detalle - pedido_id: 70, producto_id: 49, nombre: Storm con 10cm más de largo y reflectivo adicional, precio: 200000, cantidad: 6, talla: M
[26-May-2025 12:30:51 America/New_York] Insertando detalle - pedido_id: 70, producto_id: 47, nombre: Prueba, precio: 100, cantidad: 9, talla: M
[26-May-2025 12:30:51 America/New_York] Insertando detalle - pedido_id: 70, producto_id: 24, nombre: Guantes Caña Corta de Cuero Raptor, precio: 120000, cantidad: 6, talla: M
[26-May-2025 12:30:51 America/New_York] Insertando detalle - pedido_id: 70, producto_id: 27, nombre: Guantes MX Negros con protecci?n de nudillos, precio: 95000, cantidad: 1, talla: M
[26-May-2025 12:30:51 America/New_York] Insertando detalle - pedido_id: 70, producto_id: 28, nombre: Guantes para Motociclista, Moto Marca Sequoia Speed, para Hombre o Mujer 2 - Bogot?, precio: 30000, cantidad: 2, talla: M
[26-May-2025 12:30:51 America/New_York] Insertando detalle - pedido_id: 70, producto_id: 29, nombre: Guantes XT Negros con protecci?n de nudillos, precio: 95000, cantidad: 1, talla: M
[26-May-2025 12:33:41 America/New_York] === INICIO GUARDAR_PEDIDO === 2025-05-26 12:33:41
[26-May-2025 12:33:41 America/New_York] Todas las tablas necesarias existen
[26-May-2025 12:33:41 America/New_York] Input recibido: {"carrito":[{"id":1,"nombre":"Botas de Caucho Impermeables Dakar","precio":70000,"cantidad":1,"talla":"M"},{"id":2,"nombre":"Botas de Moto Caña Alta en Cuero Iron Rider","precio":300000,"cantidad":1,"talla":"M"},{"id":3,"nombre":"Botas Motorizado Modelo Apolo","precio":300000,"cantidad":1,"talla":"M"}],"monto":670000}
[26-May-2025 12:33:41 America/New_York] Carrito recibido: Array
(
    [0] => Array
        (
            [id] => 1
            [nombre] => Botas de Caucho Impermeables Dakar
            [precio] => 70000
            [cantidad] => 1
            [talla] => M
        )

    [1] => Array
        (
            [id] => 2
            [nombre] => Botas de Moto Caña Alta en Cuero Iron Rider
            [precio] => 300000
            [cantidad] => 1
            [talla] => M
        )

    [2] => Array
        (
            [id] => 3
            [nombre] => Botas Motorizado Modelo Apolo
            [precio] => 300000
            [cantidad] => 1
            [talla] => M
        )

)

[26-May-2025 12:33:41 America/New_York] Monto recibido: 670000
[26-May-2025 12:33:41 America/New_York] Insertando detalle - pedido_id: 71, producto_id: 1, nombre: Botas de Caucho Impermeables Dakar, precio: 70000, cantidad: 1, talla: M
[26-May-2025 12:33:41 America/New_York] Insertando detalle - pedido_id: 71, producto_id: 2, nombre: Botas de Moto Caña Alta en Cuero Iron Rider, precio: 300000, cantidad: 1, talla: M
[26-May-2025 12:33:41 America/New_York] Insertando detalle - pedido_id: 71, producto_id: 3, nombre: Botas Motorizado Modelo Apolo, precio: 300000, cantidad: 1, talla: M
[26-May-2025 12:34:45 America/New_York] === INICIO GUARDAR_PEDIDO === 2025-05-26 12:34:45
[26-May-2025 12:34:45 America/New_York] Todas las tablas necesarias existen
[26-May-2025 12:34:45 America/New_York] Input recibido: {"carrito":[{"id":24,"nombre":"Guantes Caña Corta de Cuero Raptor","precio":120000,"cantidad":1,"talla":"M"},{"id":25,"nombre":"Guantes Caña Larga de Cuero Predator","precio":190000,"cantidad":2,"talla":"M"},{"id":27,"nombre":"Guantes MX Negros con protecci?n de nudillos","precio":95000,"cantidad":1,"talla":"M"},{"id":26,"nombre":"Guantes Caña Media de Cuero Intruder","precio":140000,"cantidad":1,"talla":"M"}],"monto":735000}
[26-May-2025 12:34:45 America/New_York] Carrito recibido: Array
(
    [0] => Array
        (
            [id] => 24
            [nombre] => Guantes Caña Corta de Cuero Raptor
            [precio] => 120000
            [cantidad] => 1
            [talla] => M
        )

    [1] => Array
        (
            [id] => 25
            [nombre] => Guantes Caña Larga de Cuero Predator
            [precio] => 190000
            [cantidad] => 2
            [talla] => M
        )

    [2] => Array
        (
            [id] => 27
            [nombre] => Guantes MX Negros con protecci?n de nudillos
            [precio] => 95000
            [cantidad] => 1
            [talla] => M
        )

    [3] => Array
        (
            [id] => 26
            [nombre] => Guantes Caña Media de Cuero Intruder
            [precio] => 140000
            [cantidad] => 1
            [talla] => M
        )

)

[26-May-2025 12:34:45 America/New_York] Monto recibido: 735000
[26-May-2025 12:34:45 America/New_York] Insertando detalle - pedido_id: 72, producto_id: 24, nombre: Guantes Caña Corta de Cuero Raptor, precio: 120000, cantidad: 1, talla: M
[26-May-2025 12:34:45 America/New_York] Insertando detalle - pedido_id: 72, producto_id: 25, nombre: Guantes Caña Larga de Cuero Predator, precio: 190000, cantidad: 2, talla: M
[26-May-2025 12:34:45 America/New_York] Insertando detalle - pedido_id: 72, producto_id: 27, nombre: Guantes MX Negros con protecci?n de nudillos, precio: 95000, cantidad: 1, talla: M
[26-May-2025 12:34:45 America/New_York] Insertando detalle - pedido_id: 72, producto_id: 26, nombre: Guantes Caña Media de Cuero Intruder, precio: 140000, cantidad: 1, talla: M
[26-May-2025 13:39:44 America/New_York] === INICIO GUARDAR_PEDIDO === 2025-05-26 13:39:44
[26-May-2025 13:39:44 America/New_York] Todas las tablas necesarias existen
[26-May-2025 13:39:44 America/New_York] Input recibido: {"carrito":[{"id":0,"customId":"custom_1748281163640","nombre":"Traje Black Pro dama","precio":690000,"cantidad":1,"talla":"M","personalizado":true},{"id":32,"nombre":"Pantalón BLACK PRO","precio":390000,"cantidad":1,"talla":"M"}],"monto":1080000}
[26-May-2025 13:39:44 America/New_York] Carrito recibido: Array
(
    [0] => Array
        (
            [id] => 0
            [customId] => custom_1748281163640
            [nombre] => Traje Black Pro dama
            [precio] => 690000
            [cantidad] => 1
            [talla] => M
            [personalizado] => 1
        )

    [1] => Array
        (
            [id] => 32
            [nombre] => Pantalón BLACK PRO
            [precio] => 390000
            [cantidad] => 1
            [talla] => M
        )

)

[26-May-2025 13:39:44 America/New_York] Monto recibido: 1080000
[26-May-2025 13:39:44 America/New_York] Producto personalizado insertado exitosamente con ID: 50
[26-May-2025 13:39:44 America/New_York] Insertando detalle - pedido_id: 73, producto_id: 50, nombre: Traje Black Pro dama, precio: 690000, cantidad: 1, talla: M
[26-May-2025 13:39:44 America/New_York] Insertando detalle - pedido_id: 73, producto_id: 32, nombre: Pantalón BLACK PRO, precio: 390000, cantidad: 1, talla: M
[27-May-2025 07:34:46 America/New_York] === INICIO GUARDAR_PEDIDO === 2025-05-27 07:34:46
[27-May-2025 07:34:46 America/New_York] Todas las tablas necesarias existen
[27-May-2025 07:34:46 America/New_York] Input recibido: {"carrito":[{"id":1,"nombre":"Botas de Caucho Impermeables Dakar","precio":70000,"cantidad":1,"talla":"M"},{"id":2,"nombre":"Botas de Moto Caña Alta en Cuero Iron Rider","precio":300000,"cantidad":1,"talla":"M"},{"id":3,"nombre":"Botas Motorizado Modelo Apolo","precio":300000,"cantidad":1,"talla":"M"}],"monto":670000}
[27-May-2025 07:34:46 America/New_York] Carrito recibido: Array
(
    [0] => Array
        (
            [id] => 1
            [nombre] => Botas de Caucho Impermeables Dakar
            [precio] => 70000
            [cantidad] => 1
            [talla] => M
        )

    [1] => Array
        (
            [id] => 2
            [nombre] => Botas de Moto Caña Alta en Cuero Iron Rider
            [precio] => 300000
            [cantidad] => 1
            [talla] => M
        )

    [2] => Array
        (
            [id] => 3
            [nombre] => Botas Motorizado Modelo Apolo
            [precio] => 300000
            [cantidad] => 1
            [talla] => M
        )

)

[27-May-2025 07:34:46 America/New_York] Monto recibido: 670000
[27-May-2025 07:34:46 America/New_York] Insertando detalle - pedido_id: 74, producto_id: 1, nombre: Botas de Caucho Impermeables Dakar, precio: 70000, cantidad: 1, talla: M
[27-May-2025 07:34:46 America/New_York] Insertando detalle - pedido_id: 74, producto_id: 2, nombre: Botas de Moto Caña Alta en Cuero Iron Rider, precio: 300000, cantidad: 1, talla: M
[27-May-2025 07:34:46 America/New_York] Insertando detalle - pedido_id: 74, producto_id: 3, nombre: Botas Motorizado Modelo Apolo, precio: 300000, cantidad: 1, talla: M
[27-May-2025 17:23:06 America/New_York] === INICIO GUARDAR_PEDIDO === 2025-05-27 17:23:06
[27-May-2025 17:23:06 America/New_York] Todas las tablas necesarias existen
[27-May-2025 17:23:06 America/New_York] Input recibido: {"carrito":[{"id":5,"nombre":"Chaqueta Black Pro","precio":390000,"cantidad":1,"talla":"M"}],"monto":390000}
[27-May-2025 17:23:06 America/New_York] Carrito recibido: Array
(
    [0] => Array
        (
            [id] => 5
            [nombre] => Chaqueta Black Pro
            [precio] => 390000
            [cantidad] => 1
            [talla] => M
        )

)

[27-May-2025 17:23:06 America/New_York] Monto recibido: 390000
[27-May-2025 17:23:06 America/New_York] Insertando detalle - pedido_id: 75, producto_id: 5, nombre: Chaqueta Black Pro, precio: 390000, cantidad: 1, talla: M
[27-May-2025 17:23:43 America/New_York] === INICIO GUARDAR_PEDIDO === 2025-05-27 17:23:43
[27-May-2025 17:23:43 America/New_York] Todas las tablas necesarias existen
[27-May-2025 17:23:43 America/New_York] Input recibido: {"carrito":[{"id":24,"nombre":"Guantes Caña Corta de Cuero Raptor","precio":120000,"cantidad":2,"talla":"M"},{"id":0,"customId":"custom_1748381015847","nombre":"Personalizado2","precio":1500,"cantidad":1,"talla":"XL","personalizado":true}],"monto":241500}
[27-May-2025 17:23:43 America/New_York] Carrito recibido: Array
(
    [0] => Array
        (
            [id] => 24
            [nombre] => Guantes Caña Corta de Cuero Raptor
            [precio] => 120000
            [cantidad] => 2
            [talla] => M
        )

    [1] => Array
        (
            [id] => 0
            [customId] => custom_1748381015847
            [nombre] => Personalizado2
            [precio] => 1500
            [cantidad] => 1
            [talla] => XL
            [personalizado] => 1
        )

)

[27-May-2025 17:23:43 America/New_York] Monto recibido: 241500
[27-May-2025 17:23:43 America/New_York] Insertando detalle - pedido_id: 76, producto_id: 24, nombre: Guantes Caña Corta de Cuero Raptor, precio: 120000, cantidad: 2, talla: M
[27-May-2025 17:23:43 America/New_York] Producto personalizado insertado exitosamente con ID: 51
[27-May-2025 17:23:43 America/New_York] Insertando detalle - pedido_id: 76, producto_id: 51, nombre: Personalizado2, precio: 1500, cantidad: 1, talla: XL
[27-May-2025 17:50:37 America/New_York] === INICIO GUARDAR_PEDIDO === 2025-05-27 17:50:37
[27-May-2025 17:50:37 America/New_York] Todas las tablas necesarias existen
[27-May-2025 17:50:37 America/New_York] Input recibido: {"carrito":[{"id":4,"nombre":"Chaqueta AVS","precio":450000,"cantidad":1,"talla":"M"},{"id":12,"nombre":"Chaqueta Basica Impermeable","precio":260000,"cantidad":1,"talla":"M"}],"monto":710000}
[27-May-2025 17:50:37 America/New_York] Carrito recibido: Array
(
    [0] => Array
        (
            [id] => 4
            [nombre] => Chaqueta AVS
            [precio] => 450000
            [cantidad] => 1
            [talla] => M
        )

    [1] => Array
        (
            [id] => 12
            [nombre] => Chaqueta Basica Impermeable
            [precio] => 260000
            [cantidad] => 1
            [talla] => M
        )

)

[27-May-2025 17:50:37 America/New_York] Monto recibido: 710000
[27-May-2025 17:50:37 America/New_York] Insertando detalle - pedido_id: 80, producto_id: 4, nombre: Chaqueta AVS, precio: 450000, cantidad: 1, talla: M
[27-May-2025 17:50:37 America/New_York] Insertando detalle - pedido_id: 80, producto_id: 12, nombre: Chaqueta Basica Impermeable, precio: 260000, cantidad: 1, talla: M
[27-May-2025 18:10:38 America/New_York] === INICIO GUARDAR_PEDIDO === 2025-05-27 18:10:38
[27-May-2025 18:10:38 America/New_York] Todas las tablas necesarias existen
[27-May-2025 18:10:38 America/New_York] Input recibido: {"carrito":[{"id":1,"nombre":"Botas de Caucho Impermeables Dakar","precio":70000,"cantidad":1,"talla":"M"},{"id":2,"nombre":"Botas de Moto Caña Alta en Cuero Iron Rider","precio":300000,"cantidad":1,"talla":"M"},{"id":0,"customId":"custom_1748383831383","nombre":"Personalizado bota","precio":100,"cantidad":1,"talla":"M","personalizado":true}],"monto":370100}
[27-May-2025 18:10:38 America/New_York] Carrito recibido: Array
(
    [0] => Array
        (
            [id] => 1
            [nombre] => Botas de Caucho Impermeables Dakar
            [precio] => 70000
            [cantidad] => 1
            [talla] => M
        )

    [1] => Array
        (
            [id] => 2
            [nombre] => Botas de Moto Caña Alta en Cuero Iron Rider
            [precio] => 300000
            [cantidad] => 1
            [talla] => M
        )

    [2] => Array
        (
            [id] => 0
            [customId] => custom_1748383831383
            [nombre] => Personalizado bota
            [precio] => 100
            [cantidad] => 1
            [talla] => M
            [personalizado] => 1
        )

)

[27-May-2025 18:10:38 America/New_York] Monto recibido: 370100
[27-May-2025 18:10:38 America/New_York] Insertando detalle - pedido_id: 82, producto_id: 1, nombre: Botas de Caucho Impermeables Dakar, precio: 70000, cantidad: 1, talla: M
[27-May-2025 18:10:38 America/New_York] Insertando detalle - pedido_id: 82, producto_id: 2, nombre: Botas de Moto Caña Alta en Cuero Iron Rider, precio: 300000, cantidad: 1, talla: M
[27-May-2025 18:10:38 America/New_York] Producto personalizado insertado exitosamente con ID: 52
[27-May-2025 18:10:38 America/New_York] Insertando detalle - pedido_id: 82, producto_id: 52, nombre: Personalizado bota, precio: 100, cantidad: 1, talla: M
[27-May-2025 18:15:02 America/New_York] === INICIO GUARDAR_PEDIDO === 2025-05-27 18:15:02
[27-May-2025 18:15:02 America/New_York] Todas las tablas necesarias existen
[27-May-2025 18:15:02 America/New_York] Input recibido: {"carrito":[{"id":24,"nombre":"Guantes Caña Corta de Cuero Raptor","precio":120000,"cantidad":1,"talla":"M"},{"id":26,"nombre":"Guantes Caña Media de Cuero Intruder","precio":140000,"cantidad":1,"talla":"M"}],"monto":260000}
[27-May-2025 18:15:02 America/New_York] Carrito recibido: Array
(
    [0] => Array
        (
            [id] => 24
            [nombre] => Guantes Caña Corta de Cuero Raptor
            [precio] => 120000
            [cantidad] => 1
            [talla] => M
        )

    [1] => Array
        (
            [id] => 26
            [nombre] => Guantes Caña Media de Cuero Intruder
            [precio] => 140000
            [cantidad] => 1
            [talla] => M
        )

)

[27-May-2025 18:15:02 America/New_York] Monto recibido: 260000
[27-May-2025 18:15:02 America/New_York] Insertando detalle - pedido_id: 84, producto_id: 24, nombre: Guantes Caña Corta de Cuero Raptor, precio: 120000, cantidad: 1, talla: M
[27-May-2025 18:15:02 America/New_York] Insertando detalle - pedido_id: 84, producto_id: 26, nombre: Guantes Caña Media de Cuero Intruder, precio: 140000, cantidad: 1, talla: M
